android/app/build/intermediates/manifest_merge_blame_file/debug/manifest-merger-blame-debug-report.txt
1<?xml version="1.0" encoding="utf-8"?>
2<manifest xmlns:android="http://schemas.android.com/apk/res/android"
3    package="com.fatcat"
4    android:versionCode="1"
5    android:versionName="1.0" >
6
7    <uses-sdk
8        android:minSdkVersion="21"
9        android:targetSdkVersion="31" />
10
11    <uses-permission android:name="android.permission.SYSTEM_ALERT_WINDOW" />
11-->src/debug/AndroidManifest.xml:5:5-77
11-->src/debug/AndroidManifest.xml:5:22-75
12    <uses-permission android:name="android.permission.INTERNET" />
12-->src/main/AndroidManifest.xml:4:5-67
12-->src/main/AndroidManifest.xml:4:22-64
13    <uses-permission android:name="android.permission.CAMERA" />
13-->src/main/AndroidManifest.xml:5:5-65
13-->src/main/AndroidManifest.xml:5:22-62
14    <uses-permission android:name="android.permission.ACCESS_MEDIA_LOCATION" />
14-->src/main/AndroidManifest.xml:6:7-82
14-->src/main/AndroidManifest.xml:6:24-79
15    <uses-permission android:name="android.permission.ACCESS_WIFI_STATE" />
15-->[com.facebook.flipper:flipper:0.125.0] AndroidManifest.xml:16:5-76
15-->[com.facebook.flipper:flipper:0.125.0] AndroidManifest.xml:16:22-73
16
17    <application
17-->src/main/AndroidManifest.xml:7:5-27:19
18        android:name="com.fatcat.MainApplication"
18-->src/main/AndroidManifest.xml:8:7-38
19        android:allowBackup="false"
19-->src/main/AndroidManifest.xml:12:7-34
20        android:appComponentFactory="androidx.core.app.CoreComponentFactory"
20-->[androidx.core:core:1.5.0] AndroidManifest.xml:24:18-86
21        android:debuggable="true"
22        android:icon="@mipmap/ic_launcher"
22-->src/main/AndroidManifest.xml:10:7-41
23        android:label="@string/app_name"
23-->src/main/AndroidManifest.xml:9:7-39
24        android:largeHeap="true"
24-->src/main/AndroidManifest.xml:13:7-31
25        android:roundIcon="@mipmap/ic_launcher_round"
25-->src/main/AndroidManifest.xml:11:7-52
26        android:theme="@style/AppTheme"
26-->src/main/AndroidManifest.xml:14:7-38
27        android:usesCleartextTraffic="true" >
27-->src/debug/AndroidManifest.xml:8:9-44
28        <activity
28-->src/debug/AndroidManifest.xml:11:9-111
29            android:name="com.facebook.react.devsupport.DevSettingsActivity"
29-->src/debug/AndroidManifest.xml:11:19-83
30            android:exported="false" />
30-->src/debug/AndroidManifest.xml:11:84-108
31        <activity
31-->src/main/AndroidManifest.xml:15:7-26:18
32            android:name="com.fatcat.MainActivity"
32-->src/main/AndroidManifest.xml:16:9-37
33            android:configChanges="keyboard|keyboardHidden|orientation|screenLayout|screenSize|smallestScreenSize|uiMode"
33-->src/main/AndroidManifest.xml:18:9-118
34            android:exported="true"
34-->src/main/AndroidManifest.xml:21:9-32
35            android:label="@string/app_name"
35-->src/main/AndroidManifest.xml:17:9-41
36            android:launchMode="singleTask"
36-->src/main/AndroidManifest.xml:19:9-40
37            android:windowSoftInputMode="adjustResize" >
37-->src/main/AndroidManifest.xml:20:9-51
38            <intent-filter>
38-->src/main/AndroidManifest.xml:22:9-25:25
39                <action android:name="android.intent.action.MAIN" />
39-->src/main/AndroidManifest.xml:23:13-65
39-->src/main/AndroidManifest.xml:23:21-62
40
41                <category android:name="android.intent.category.LAUNCHER" />
41-->src/main/AndroidManifest.xml:24:13-73
41-->src/main/AndroidManifest.xml:24:23-70
42            </intent-filter>
43        </activity>
44    </application>
45
46</manifest>